<?xml version="1.0" encoding="UTF-8"?>
<testsuite xmlns:xsi="http://www.w3.org/2001/XMLSchema-instance" xsi:noNamespaceSchemaLocation="https://maven.apache.org/surefire/maven-surefire-plugin/xsd/surefire-test-report.xsd" name="com.stackroute.buzzup.theatreservice.test.service.TheatreServiceImpltTest" time="0.729" tests="2" errors="0" skipped="0" failures="0">
  <properties>
[...]
</properties>
  <testcase name="getByEmailSuccess" classname="com.stackroute.buzzup.theatreservice.test.service.TheatreServiceImpltTest" time="0.592"/>
  <testcase name="getByEmailFailure" classname="com.stackroute.buzzup.theatreservice.test.service.TheatreServiceImpltTest" time="0"/>
</testsuite>