-------------------------------------------------------------------------------
Test set: com.stackroute.buzzup.searchservice.SearchServiceApplicationTests
-------------------------------------------------------------------------------
Tests run: 1, Failures: 0, Errors: 1, Skipped: 0, Time elapsed: 2.863 s <<< FAILURE! - in com.stackroute.buzzup.searchservice.SearchServiceApplicationTests
contextLoads(com.stackroute.buzzup.searchservice.SearchServiceApplicationTests)  Time elapsed: 0.014 s  <<< ERROR!
java.lang.IllegalStateException: Failed to load ApplicationContext
Caused by: org.springframework.beans.factory.UnsatisfiedDependencyException: Error creating bean with name 'movieSearchController' defined in file [/home/utkarsh/Downloads/search-service/search-service /search-service/target/classes/com/stackroute/buzzup/searchservice/controller/MovieSearchController.class]: Unsatisfied dependency expressed through constructor parameter 0; nested exception is org.springframework.beans.factory.UnsatisfiedDependencyException: Error creating bean with name 'movieSearchServiceImpl' defined in file [/home/utkarsh/Downloads/search-service/search-service /search-service/target/classes/com/stackroute/buzzup/searchservice/service/MovieSearchServiceImpl.class]: Unsatisfied dependency expressed through constructor parameter 0; nested exception is org.springframework.beans.factory.BeanCreationException: Error creating bean with name 'movieRepository': Invocation of init method failed; nested exception is org.springframework.data.mapping.PropertyReferenceException: No property id found for type Movie!
Caused by: org.springframework.beans.factory.UnsatisfiedDependencyException: Error creating bean with name 'movieSearchServiceImpl' defined in file [/home/utkarsh/Downloads/search-service/search-service /search-service/target/classes/com/stackroute/buzzup/searchservice/service/MovieSearchServiceImpl.class]: Unsatisfied dependency expressed through constructor parameter 0; nested exception is org.springframework.beans.factory.BeanCreationException: Error creating bean with name 'movieRepository': Invocation of init method failed; nested exception is org.springframework.data.mapping.PropertyReferenceException: No property id found for type Movie!
Caused by: org.springframework.beans.factory.BeanCreationException: Error creating bean with name 'movieRepository': Invocation of init method failed; nested exception is org.springframework.data.mapping.PropertyReferenceException: No property id found for type Movie!
Caused by: org.springframework.data.mapping.PropertyReferenceException: No property id found for type Movie!

